<?xml version="1.0" encoding="UTF-8" ?>
<testsuite errors="0" failures="0" hostname="nn81-tosh" name="trigger.TestTriggerGPL2" tests="1" time="0.382" timestamp="2014-04-06T11:20:39">
  <properties>
    <property name="netbeans.autoupdate.country" value="PT" />
    <property name="javac.test.classpath" value="lib/bsh-2.1b5.jar:lib/jarchivelib/jarchivelib-0.3.0.jar:lib/jfreechart/jcommon-1.0.21.jar:lib/jericho-html-3.3.jar:lib/jfreechart/jfreechart-1.0.17.jar:lib/simple-4.1.21.jar:build/classes:D:\java\junit\junit-4.10.jar" />
    <property name="manifest.custom.codebase" value="" />
    <property name="libs.junit.javadoc" value="C:\Users\Nuno Brito\.netbeans\7.1.2\docs\junit-3.8.2-api.zip" />
    <property name="ant.file.type.TripleCheck-impl" value="file" />
    <property name="javac.includes" value="trigger/TestTriggerGPL2.java" />
    <property name="ant.core.lib" value="C:\Program Files\NetBeans 7.1.2\java\ant\lib\ant.jar" />
    <property name="javadoc.windowtitle" value="" />
    <property name="libs.toplink.classpath" value="C:\Program Files\NetBeans 7.1.2\java\modules\ext\toplink\toplink-essentials.jar;C:\Program Files\NetBeans 7.1.2\java\modules\ext\toplink\toplink-essentials-agent.jar" />
    <property name="user.dir" value="D:\triplechecksoftware\reporter\run" />
    <property name="libs.hibernate-persistence.javadoc" value="" />
    <property name="java.vm.version" value="17.1-b03" />
    <property name="libs.MySQLDriver.classpath" value="C:\Program Files\NetBeans 7.1.2\ide\modules\ext\mysql-connector-java-5.1.13-bin.jar" />
    <property name="libs.eclipselinkmodelgen.src" value="" />
    <property name="javadoc.notree" value="false" />
    <property name="netbeans.autoupdate.version" value="1.23" />
    <property name="libs.hibernate-support.maven-pom" value="" />
    <property name="libs.hibernate-support.javadoc" value="" />
    <property name="project.license" value="default" />
    <property name="jdk.home" value="D:\java\jdk6" />
    <property name="libs.javac-api.src" value="" />
    <property name="javadoc.noindex" value="false" />
    <property name="sun.os.patch.level" value="Service Pack 1" />
    <property name="do.archive+manifest.available" value="true" />
    <property name="java.vm.specification.name" value="Java Virtual Machine Specification" />
    <property name="nb.show.statistics.ui" value="usageStatisticsEnabled" />
    <property name="netbeans.autoupdate.variant" value="" />
    <property name="have.tests" value="true" />
    <property name="org.xml.sax.driver" value="com.sun.org.apache.xerces.internal.jaxp.SAXParserImpl$JAXPSAXParser" />
    <property name="libs.javac-api.javadoc" value="" />
    <property name="os.name" value="Windows 7" />
    <property name="javadoc.reference.jarchivelib-0.3.0.jar" value="lib/jarchivelib/jarchivelib-0.3.0-javadoc.jar" />
    <property name="libs.beans-binding.classpath" value="C:\Program Files\NetBeans 7.1.2\java\modules\ext\beansbinding-1.2.1.jar" />
    <property name="ap.proc.none.internal" value="" />
    <property name="org.whattf.datatype.lang-registry" value="jar:file:/C:/Program%20Files/NetBeans%207.1.2/ide/modules/ext/validator.jar!/nu/validator/localentities/files/www_iana_org_assignments_language_subtag_registry" />
    <property name="libs.JWSAntTasks.maven-pom" value="" />
    <property name="jnlp.signing.keystore" value="" />
    <property name="nu.validator.spec.alt-advice" value="jar:file:/C:/Program%20Files/NetBeans%207.1.2/ide/modules/ext/validator.jar!/nu/validator/localentities/files/wiki_whatwg_org_wiki_Validator_nu_alt_advice" />
    <property name="java.vendor.url.bug" value="http://java.sun.com/cgi-bin/bugreport.cgi" />
    <property name="libs.jaxb.maven-pom" value="" />
    <property name="os.arch" value="amd64" />
    <property name="libs.eclipselink.src" value="" />
    <property name="user.name" value="Nuno Brito" />
    <property name="copylibs.rebase" value="true" />
    <property name="manifest.available+main.class" value="true" />
    <property name="libs.swing-layout.maven-pom" value="" />
    <property name="build.classes.dir" value="build/classes" />
    <property name="netbeans.accept_license_class" value="org.netbeans.license.AcceptLicense" />
    <property name="jnlp.descriptor" value="application" />
    <property name="build.sysclasspath" value="ignore" />
    <property name="ap.supported.internal" value="true" />
    <property name="libs.jaxws21.javadoc" value="C:\Program Files\NetBeans 7.1.2\java\docs\jaxws-api-doc.zip" />
    <property name="includes" value="**" />
    <property name="user.country" value="PT" />
    <property name="manifest.file" value="manifest.mf" />
    <property name="javadoc.encoding" value="UTF-8" />
    <property name="javac.classpath" value="lib/bsh-2.1b5.jar:lib/jarchivelib/jarchivelib-0.3.0.jar:lib/jfreechart/jcommon-1.0.21.jar:lib/jericho-html-3.3.jar:lib/jfreechart/jfreechart-1.0.17.jar:lib/simple-4.1.21.jar" />
    <property name="debug-transport" value="dt_shmem" />
    <property name="netbeans.home" value="C:\Program Files\NetBeans 7.1.2\platform" />
    <property name="build.compiler.emacs" value="true" />
    <property name="libs.ejb3-persistence.src" value="" />
    <property name="java.endorsed.dirs" value="D:\java\jdk6\jre\lib\endorsed" />
    <property name="ant.file.studio" value="D:\triplechecksoftware\reporter\build.xml" />
    <property name="test.includes" value="trigger/TestTriggerGPL2.java" />
    <property name="netbeans.dynamic.classpath" value="C:\Program Files\NetBeans 7.1.2\platform\core\core.jar;C:\Program Files\NetBeans 7.1.2\platform\core\org-openide-filesystems.jar;C:\Program Files\NetBeans 7.1.2\platform\core\locale\core_ja.jar;C:\Program Files\NetBeans 7.1.2\platform\core\locale\core_pt_BR.jar;C:\Program Files\NetBeans 7.1.2\platform\core\locale\core_ru.jar;C:\Program Files\NetBeans 7.1.2\platform\core\locale\core_zh_CN.jar;C:\Program Files\NetBeans 7.1.2\platform\core\locale\org-openide-filesystems_ja.jar;C:\Program Files\NetBeans 7.1.2\platform\core\locale\org-openide-filesystems_pt_BR.jar;C:\Program Files\NetBeans 7.1.2\platform\core\locale\org-openide-filesystems_ru.jar;C:\Program Files\NetBeans 7.1.2\platform\core\locale\org-openide-filesystems_zh_CN.jar;C:\Program Files\NetBeans 7.1.2\nb\core\org-netbeans-upgrader.jar;C:\Program Files\NetBeans 7.1.2\nb\core\locale\core_nb.jar;C:\Program Files\NetBeans 7.1.2\nb\core\locale\core_nb_ja.jar;C:\Program Files\NetBeans 7.1.2\nb\core\locale\core_nb_pt_BR.jar;C:\Program Files\NetBeans 7.1.2\nb\core\locale\core_nb_ru.jar;C:\Program Files\NetBeans 7.1.2\nb\core\locale\core_nb_zh_CN.jar;C:\Program Files\NetBeans 7.1.2\nb\core\locale\org-netbeans-upgrader_ja.jar;C:\Program Files\NetBeans 7.1.2\nb\core\locale\org-netbeans-upgrader_pt_BR.jar;C:\Program Files\NetBeans 7.1.2\nb\core\locale\org-netbeans-upgrader_ru.jar;C:\Program Files\NetBeans 7.1.2\nb\core\locale\org-netbeans-upgrader_zh_CN.jar" />
    <property name="jnlp.enabled" value="false" />
    <property name="java.vm.specification.version" value="1.0" />
    <property name="project.licensePath" value="./nbproject/spdxlicense.txt" />
    <property name="ant.file.TripleCheck-impl" value="D:\triplechecksoftware\reporter\nbproject\build-impl.xml" />
    <property name="netbeans.productversion" value="NetBeans IDE 7.1.2 (Build 201204101705)" />
    <property name="libs.hibernate-persistence.classpath" value="C:\Program Files\NetBeans 7.1.2\java\modules\ext\hibernate\antlr-2.7.6.jar;C:\Program Files\NetBeans 7.1.2\java\modules\ext\hibernate\asm.jar;C:\Program Files\NetBeans 7.1.2\java\modules\ext\hibernate\asm-attrs.jar;C:\Program Files\NetBeans 7.1.2\java\modules\ext\hibernate\cglib-2.1.3.jar;C:\Program Files\NetBeans 7.1.2\java\modules\ext\hibernate\commons-collections-2.1.1.jar;C:\Program Files\NetBeans 7.1.2\ide\modules\org-apache-commons-logging.jar;C:\Program Files\NetBeans 7.1.2\java\modules\ext\hibernate\dom4j-1.6.1.jar;C:\Program Files\NetBeans 7.1.2\java\modules\ext\hibernate\ehcache-1.2.3.jar;C:\Program Files\NetBeans 7.1.2\java\modules\ext\hibernate\jdbc2_0-stdext.jar;C:\Program Files\NetBeans 7.1.2\java\modules\ext\hibernate\jta.jar;C:\Program Files\NetBeans 7.1.2\java\modules\ext\hibernate\hibernate3.jar;C:\Program Files\NetBeans 7.1.2\java\modules\ext\hibernate\hibernate-tools.jar;C:\Program Files\NetBeans 7.1.2\java\modules\ext\hibernate\hibernate-annotations.jar;C:\Program Files\NetBeans 7.1.2\java\modules\ext\hibernate\hibernate-commons-annotations.jar;C:\Program Files\NetBeans 7.1.2\java\modules\ext\hibernate\hibernate-entitymanager.jar;C:\Program Files\NetBeans 7.1.2\java\modules\ext\hibernate\javassist.jar;C:\Program Files\NetBeans 7.1.2\java\modules\ext\hibernate\ejb3-persistence.jar" />
    <property name="libs.jaxws21.src" value="" />
    <property name="application.title" value="TripleCheck" />
    <property name="do.archive" value="true" />
    <property name="netbeans.autoupdate.language" value="pt" />
    <property name="java.vendor" value="Sun Microsystems Inc." />
    <property name="jar.index.metainf" value="false" />
    <property name="javac.debug" value="true" />
    <property name="javadoc.splitindex" value="true" />
    <property name="file.separator" value="\" />
    <property name="javac.includesfile.binary" value="D:\triplechecksoftware\reporter\null1424022995" />
    <property name="libs.junit_4.maven-pom" value="" />
    <property name="mkdist.disabled" value="false" />
    <property name="javac.test.processorpath" value="lib/bsh-2.1b5.jar:lib/jarchivelib/jarchivelib-0.3.0.jar:lib/jfreechart/jcommon-1.0.21.jar:lib/jericho-html-3.3.jar:lib/jfreechart/jfreechart-1.0.17.jar:lib/simple-4.1.21.jar:build/classes:D:\java\junit\junit-4.10.jar" />
    <property name="netbeans.buildnumber" value="201204101705" />
    <property name="libs.JWSAntTasks.javadoc" value="" />
    <property name="build.generated.sources.dir" value="build/generated-sources" />
    <property name="user.variant" value="" />
    <property name="libs.eclipselinkmodelgen.classpath" value="C:\Program Files\NetBeans 7.1.2\java\modules\ext\eclipselink\eclipselink-jpa-modelgen-2.3.0.jar" />
    <property name="src.triggers.dir" value="run\triggers" />
    <property name="sun.java.launcher" value="SUN_STANDARD" />
    <property name="libs.junit.classpath" value="C:\Users\Nuno Brito\.netbeans\7.1.2\modules\ext\junit-3.8.2.jar" />
    <property name="libs.jaxb.javadoc" value="C:\Program Files\NetBeans 7.1.2\ide\docs\jaxb-api-doc.zip" />
    <property name="org.openide.awt.SwingBrowserImpl.do-not-block-awt" value="false" />
    <property name="javac.includes.binary" value="D:\triplechecksoftware\reporter\build\test\classes\trigger\TestTriggerGPL2.class" />
    <property name="ant.home" value="C:\Program Files\NetBeans 7.1.2\java\ant" />
    <property name="libs.junit_4.src" value="D:\java\junit\junit-4.10.jar" />
    <property name="libs.absolutelayout.maven-pom" value="" />
    <property name="ant.java.version" value="1.6" />
    <property name="java.library.path" value="D:\java\jdk6\jre\bin;.;C:\Windows\Sun\Java\bin;C:\Windows\system32;C:\Windows;C:\Python33\;C:\Program Files (x86)\CollabNet\Subversion Client;C:\Windows\system32;C:\Windows;C:\Windows\System32\Wbem;C:\Windows\System32\WindowsPowerShell\v1.0\;C:\Program Files\Broadcom\Broadcom 802.11 Network Adapter\Driver;C:\Program Files (x86)\Toshiba\Bluetooth Toshiba Stack\sys\;C:\Program Files (x86)\Toshiba\Bluetooth Toshiba Stack\sys\x64\;%QTDIR%\bin;C:\Qt\2010.05\mingw\bin;C:\Qt\2010.05\bin;%INSTALL_PATH%\lib;C:\Program Files (x86)\CMake 2.8\bin;C:\Program Files\TortoiseSVN\bin;C:\Program Files (x86)\Delphi7SE\bin;C:\Program Files (x86)\Delphi7SE\Projects\BPL;C:\PROGRA~1\AMPC\bin;C:\PROGRA~1\AMPC\cygwin\bin;C:\Program Files (x86)\Novosoft\C2J\Bin;C:\Program Files (x86)\Novosoft\C2J\Bin;D:\apps\java\sonar-runner-1.0\bin;C:\Program Files (x86)\Google\google_appengine\" />
    <property name="javadoc.author" value="false" />
    <property name="manifest.available+main.class-mkdist.available" value="true" />
    <property name="src.plugins.dir" value="run\plugins" />
    <property name="java.util.logging.config.class" value="org.netbeans.core.startup.TopLogging" />
    <property name="libs.PostgreSQLDriver.src" value="" />
    <property name="sun.arch.data.model" value="64" />
    <property name="basedir" value="D:\triplechecksoftware\reporter" />
    <property name="jar.compress" value="false" />
    <property name="path.separator" value=";" />
    <property name="ant.junit.enabletestlistenerevents" value="true" />
    <property name="sun.io.unicode.encoding" value="UnicodeLittle" />
    <property name="libs.jaxws21.classpath" value="C:\Program Files\NetBeans 7.1.2\ide\modules\ext\jaxb\jaxb-impl.jar;C:\Program Files\NetBeans 7.1.2\ide\modules\ext\jaxb\jaxb-xjc.jar;C:\Program Files\NetBeans 7.1.2\java\modules\ext\jaxws22\FastInfoset.jar;C:\Program Files\NetBeans 7.1.2\java\modules\ext\jaxws22\gmbal-api-only.jar;C:\Program Files\NetBeans 7.1.2\java\modules\ext\jaxws22\http.jar;C:\Program Files\NetBeans 7.1.2\java\modules\ext\jaxws22\jaxws-rt.jar;C:\Program Files\NetBeans 7.1.2\java\modules\ext\jaxws22\jaxws-tools.jar;C:\Program Files\NetBeans 7.1.2\java\modules\ext\jaxws22\management-api.jar;C:\Program Files\NetBeans 7.1.2\java\modules\ext\jaxws22\mimepull.jar;C:\Program Files\NetBeans 7.1.2\java\modules\ext\jaxws22\policy.jar;C:\Program Files\NetBeans 7.1.2\java\modules\ext\jaxws22\saaj-impl.jar;C:\Program Files\NetBeans 7.1.2\java\modules\ext\jaxws22\stax-ex.jar;C:\Program Files\NetBeans 7.1.2\java\modules\ext\jaxws22\streambuffer.jar;C:\Program Files\NetBeans 7.1.2\java\modules\ext\jaxws22\woodstox.jar;C:\Program Files\NetBeans 7.1.2\java\modules\ext\jaxws22\api\jaxws-api.jar;C:\Program Files\NetBeans 7.1.2\java\modules\ext\jaxws22\api\jsr181-api.jar;C:\Program Files\NetBeans 7.1.2\java\modules\ext\jaxws22\api\jsr250-api.jar;C:\Program Files\NetBeans 7.1.2\java\modules\ext\jaxws22\api\saaj-api.jar;C:\Program Files\NetBeans 7.1.2\ide\modules\ext\jaxb\activation.jar;C:\Program Files\NetBeans 7.1.2\ide\modules\ext\jaxb\api\jaxb-api.jar;C:\Program Files\NetBeans 7.1.2\ide\modules\ext\jaxb\api\jsr173_api.jar" />
    <property name="compile.on.save" value="false" />
    <property name="apple.awt.graphics.UseQuartz" value="true" />
    <property name="user.language" value="pt" />
    <property name="libs.JAXB-ENDORSED.maven-pom" value="" />
    <property name="libs.spring-framework.classpath" value="C:\Program Files\NetBeans 7.1.2\ide\modules\org-apache-commons-logging.jar;C:\Program Files\NetBeans 7.1.2\java\modules\ext\cglib-2.2.jar;C:\Program Files\NetBeans 7.1.2\java\modules\ext\spring\spring-2.5.6.SEC03.jar" />
    <property name="libs.eclipselink.maven-pom" value="" />
    <property name="org.whattf.datatype.charset-registry" value="jar:file:/C:/Program%20Files/NetBeans%207.1.2/ide/modules/ext/validator.jar!/nu/validator/localentities/files/www_iana_org_assignments_character_sets" />
    <property name="application.vendor" value="Nuno Brito" />
    <property name="manifest.available" value="true" />
    <property name="libs.spring-framework300.maven-pom" value="" />
    <property name="run.test.classpath" value="lib/bsh-2.1b5.jar:lib/jarchivelib/jarchivelib-0.3.0.jar:lib/jfreechart/jcommon-1.0.21.jar:lib/jericho-html-3.3.jar:lib/jfreechart/jfreechart-1.0.17.jar:lib/simple-4.1.21.jar:build/classes:D:\java\junit\junit-4.10.jar:build/test/classes" />
    <property name="ant.project.invoked-targets" value="test-single" />
    <property name="libs.swing-layout.javadoc" value="C:\Program Files\NetBeans 7.1.2\platform\docs\swing-layout-1.0.4-doc.zip" />
    <property name="file.reference.bsh-2.1b5.jar" value="lib/bsh-2.1b5.jar" />
    <property name="libs.ejb3-persistence.maven-pom" value="" />
    <property name="libs.PostgreSQLDriver.maven-pom" value="" />
    <property name="java.class.version" value="50.0" />
    <property name="netbeans.system_http_proxy" value="DIRECT" />
    <property name="libs.eclipselink.javadoc" value="" />
    <property name="user.properties.file" value="C:\Users\Nuno Brito\.netbeans\7.1.2\build.properties" />
    <property name="runtime.encoding" value="UTF-8" />
    <property name="libs.spring-framework.src" value="" />
    <property name="libs.javac-api.maven-pom" value="" />
    <property name="file.encoding.pkg" value="sun.io" />
    <property name="sun.cpu.endian" value="little" />
    <property name="libs.JAXB-ENDORSED.javadoc" value="" />
    <property name="libs.JWSAntTasks.classpath" value="C:\Program Files\NetBeans 7.1.2\java\ant\extra\org-netbeans-modules-javawebstart-anttasks.jar" />
    <property name="libs.spring-framework300.src" value="" />
    <property name="empty.dir" value="D:\triplechecksoftware\reporter\build\empty" />
    <property name="version-output" value="java version &quot;1.6" />
    <property name="javadoc.preview" value="true" />
    <property name="java.home" value="D:\java\jdk6\jre" />
    <property name="debug.test.classpath" value="lib/bsh-2.1b5.jar:lib/jarchivelib/jarchivelib-0.3.0.jar:lib/jfreechart/jcommon-1.0.21.jar:lib/jericho-html-3.3.jar:lib/jfreechart/jfreechart-1.0.17.jar:lib/simple-4.1.21.jar:build/classes:D:\java\junit\junit-4.10.jar:build/test/classes" />
    <property name="netbeans.importclass" value="org.netbeans.upgrade.AutoUpgrade" />
    <property name="ant.project.default-target" value="default" />
    <property name="annotation.processing.run.all.processors" value="true" />
    <property name="libs.toplink.maven-pom" value="" />
    <property name="jar.archive.disabled" value="false" />
    <property name="file.reference.simple-4.1.21.jar" value="lib/simple-4.1.21.jar" />
    <property name="jnlp.signing.alias" value="" />
    <property name="libs.PostgreSQLDriver.javadoc" value="" />
    <property name="libs.MySQLDriver.maven-pom" value="" />
    <property name="libs.junit_4.javadoc" value="D:\java\junit\junit-4.10.jar" />
    <property name="libs.toplink.src" value="" />
    <property name="run.classpath" value="lib/bsh-2.1b5.jar:lib/jarchivelib/jarchivelib-0.3.0.jar:lib/jfreechart/jcommon-1.0.21.jar:lib/jericho-html-3.3.jar:lib/jfreechart/jfreechart-1.0.17.jar:lib/simple-4.1.21.jar:build/classes" />
    <property name="libs.hibernate-support.src" value="" />
    <property name="annotation.processing.enabled.in.editor" value="false" />
    <property name="sun.management.compiler" value="HotSpot 64-Bit Server Compiler" />
    <property name="javac.deprecation" value="false" />
    <property name="javadoc.use" value="true" />
    <property name="sun.java2d.noddraw" value="true" />
    <property name="javac.processorpath" value="lib/bsh-2.1b5.jar:lib/jarchivelib/jarchivelib-0.3.0.jar:lib/jfreechart/jcommon-1.0.21.jar:lib/jericho-html-3.3.jar:lib/jfreechart/jfreechart-1.0.17.jar:lib/simple-4.1.21.jar" />
    <property name="javac.compilerargs" value="" />
    <property name="svnkit.http.methods" value="Basic" />
    <property name="ant.file" value="D:\triplechecksoftware\reporter\build.xml" />
    <property name="libs.beans-binding.maven-pom" value="" />
    <property name="jnlp.codebase.type" value="no.codebase" />
    <property name="libs.beans-binding.src" value="" />
    <property name="java.vm.specification.vendor" value="Sun Microsystems Inc." />
    <property name="libs.swing-layout.src" value="C:\Program Files\NetBeans 7.1.2\platform\docs\swing-layout-1.0.4-src.zip" />
    <property name="file.reference.jfreechart-1.0.17.jar" value="lib/jfreechart/jfreechart-1.0.17.jar" />
    <property name="org.openide.major.version" value="IDE/1" />
    <property name="java.vm.name" value="Java HotSpot(TM) 64-Bit Server VM" />
    <property name="netbeans.user" value="C:\Users\Nuno Brito\.netbeans\7.1.2" />
    <property name="javadoc.additionalparam" value="" />
    <property name="jnlp.offline-allowed" value="false" />
    <property name="java.io.tmpdir" value="C:\Users\NUNOBR~1\AppData\Local\Temp\" />
    <property name="java.vendor.url" value="http://java.sun.com/" />
    <property name="endorsed.classpath.cmd.line.arg" value="" />
    <property name="sun.boot.library.path" value="D:\java\jdk6\jre\bin" />
    <property name="have.sources" value="true" />
    <property name="debug.classpath" value="lib/bsh-2.1b5.jar:lib/jarchivelib/jarchivelib-0.3.0.jar:lib/jfreechart/jcommon-1.0.21.jar:lib/jericho-html-3.3.jar:lib/jfreechart/jfreechart-1.0.17.jar:lib/simple-4.1.21.jar:build/classes" />
    <property name="javadoc.private" value="false" />
    <property name="test.src.dir" value="test" />
    <property name="ap.processors.internal" value="" />
    <property name="meta.inf.dir" value="src/META-INF" />
    <property name="javadoc.encoding.used" value="UTF-8" />
    <property name="dist.jar" value="dist/TripleCheck.jar" />
    <property name="java.runtime.name" value="Java(TM) SE Runtime Environment" />
    <property name="ant.project.name" value="studio" />
    <property name="netbeans.hash.code" value="unique=NB_CND_JAVA_PHP0391097f3-0e6c-4dbb-9a82-f257bed9df3a_f3fd79bb-1289-45ba-b898-a69f99ff9c85" />
    <property name="manifest.available-mkdist.available" value="true" />
    <property name="sun.cpu.isalist" value="amd64" />
    <property name="libs.CopyLibs.javadoc" value="" />
    <property name="org.openide.specification.version" value="6.2" />
    <property name="libs.hibernate-support.classpath" value="C:\Program Files\NetBeans 7.1.2\java\modules\ext\hibernate\antlr-2.7.6.jar;C:\Program Files\NetBeans 7.1.2\java\modules\ext\hibernate\asm.jar;C:\Program Files\NetBeans 7.1.2\java\modules\ext\hibernate\asm-attrs.jar;C:\Program Files\NetBeans 7.1.2\java\modules\ext\hibernate\cglib-2.1.3.jar;C:\Program Files\NetBeans 7.1.2\java\modules\ext\hibernate\commons-collections-2.1.1.jar;C:\Program Files\NetBeans 7.1.2\ide\modules\org-apache-commons-logging.jar;C:\Program Files\NetBeans 7.1.2\java\modules\ext\hibernate\dom4j-1.6.1.jar;C:\Program Files\NetBeans 7.1.2\java\modules\ext\hibernate\ehcache-1.2.3.jar;C:\Program Files\NetBeans 7.1.2\java\modules\ext\hibernate\jdbc2_0-stdext.jar;C:\Program Files\NetBeans 7.1.2\java\modules\ext\hibernate\jta.jar;C:\Program Files\NetBeans 7.1.2\java\modules\ext\hibernate\hibernate3.jar;C:\Program Files\NetBeans 7.1.2\java\modules\ext\hibernate\hibernate-tools.jar;C:\Program Files\NetBeans 7.1.2\java\modules\ext\hibernate\hibernate-annotations.jar;C:\Program Files\NetBeans 7.1.2\java\modules\ext\hibernate\hibernate-commons-annotations.jar;C:\Program Files\NetBeans 7.1.2\java\modules\ext\hibernate\hibernate-entitymanager.jar;C:\Program Files\NetBeans 7.1.2\java\modules\ext\hibernate\javassist.jar" />
    <property name="user.home" value="C:\Users\Nuno Brito" />
    <property name="file.reference.jcommon-1.0.21.jar" value="lib/jfreechart/jcommon-1.0.21.jar" />
    <property name="annotation.processing.processors.list" value="" />
    <property name="debug-args-line" value="-Xdebug" />
    <property name="sun.zip.disableMemoryMapping" value="true" />
    <property name="src.extensions.dir" value="run\extensions" />
    <property name="libs.JWSAntTasks.src" value="" />
    <property name="jar.index" value="false" />
    <property name="libs.CopyLibs.maven-pom" value="" />
    <property name="libs.spring-framework300.javadoc" value="" />
    <property name="libs.hibernate-persistence.maven-pom" value="" />
    <property name="libs.absolutelayout.javadoc" value="" />
    <property name="guice.disable.misplaced.annotation.check" value="true" />
    <property name="java.specification.name" value="Java Platform API Specification" />
    <property name="nu.validator.spec.microsyntax-descriptions" value="jar:file:/C:/Program%20Files/NetBeans%207.1.2/ide/modules/ext/validator.jar!/nu/validator/localentities/files/wiki_whatwg_org_wiki_MicrosyntaxDescriptions" />
    <property name="do.archive+main.class.available" value="true" />
    <property name="jnlp.mixed.code" value="default" />
    <property name="java.specification.vendor" value="Sun Microsystems Inc." />
    <property name="libs.javac-api.classpath" value="C:\Program Files\NetBeans 7.1.2\java\modules\ext\javac-api-nb-7.0-b07.jar" />
    <property name="java.version" value="1.6.0_22" />
    <property name="javadoc.version" value="false" />
    <property name="libs.MySQLDriver.javadoc" value="" />
    <property name="org.openide.version" value="deprecated" />
    <property name="source.encoding" value="UTF-8" />
    <property name="ap.cmd.line.internal" value="" />
    <property name="libs.eclipselinkmodelgen.maven-pom" value="" />
    <property name="libs.junit.maven-pom" value="" />
    <property name="libs.eclipselinkmodelgen.javadoc" value="" />
    <property name="netbeans.home+have.tests" value="true" />
    <property name="annotation.processing.processor.options" value="" />
    <property name="libs.jaxb.src" value="" />
    <property name="work.dir" value="./run" />
    <property name="libs.jaxb.classpath" value="C:\Program Files\NetBeans 7.1.2\ide\modules\ext\jaxb\jaxb-impl.jar;C:\Program Files\NetBeans 7.1.2\ide\modules\ext\jaxb\jaxb-xjc.jar;C:\Program Files\NetBeans 7.1.2\ide\modules\ext\jaxb\jaxb1-impl.jar;C:\Program Files\NetBeans 7.1.2\ide\modules\ext\jaxb\activation.jar;C:\Program Files\NetBeans 7.1.2\ide\modules\ext\jaxb\api\jaxb-api.jar;C:\Program Files\NetBeans 7.1.2\ide\modules\ext\jaxb\api\jsr173_api.jar" />
    <property name="do.depend" value="false" />
    <property name="dist.javadoc.dir" value="dist/javadoc" />
    <property name="libs.swing-layout.classpath" value="C:\Program Files\NetBeans 7.1.2\platform\modules\ext\swing-layout-1.0.4.jar" />
    <property name="build.generated.dir" value="build/generated" />
    <property name="javac.source" value="1.6" />
    <property name="libs.hibernate-persistence.src" value="" />
    <property name="line.separator" value="&#xd;&#xa;" />
    <property name="java.specification.version" value="1.6" />
    <property name="libs.jaxws21.maven-pom" value="" />
    <property name="java.vm.info" value="mixed mode" />
    <property name="junit.forkmode" value="perTest" />
    <property name="libs.spring-framework.maven-pom" value="" />
    <property name="sun.boot.class.path" value="D:\java\jdk6\jre\lib\resources.jar;D:\java\jdk6\jre\lib\rt.jar;D:\java\jdk6\jre\lib\sunrsasign.jar;D:\java\jdk6\jre\lib\jsse.jar;D:\java\jdk6\jre\lib\jce.jar;D:\java\jdk6\jre\lib\charsets.jar;D:\java\jdk6\jre\classes" />
    <property name="javac.target" value="1.6" />
    <property name="built-jar.properties" value="D:\triplechecksoftware\reporter\build\built-jar.properties" />
    <property name="build.test.classes.dir" value="build/test/classes" />
    <property name="file.reference.jericho-html-3.3.jar" value="lib/jericho-html-3.3.jar" />
    <property name="src.dir" value="src" />
    <property name="annotation.processing.enabled" value="true" />
    <property name="sun.awt.keepWorkingSetOnMinimize" value="true" />
    <property name="jaxbwiz.endorsed.dirs" value="&quot;C:\Program Files\NetBeans 7.1.2\platform/../ide12/modules/ext/jaxb/api&quot;" />
    <property name="dist.dir" value="dist" />
    <property name="do.archive+manifest.available+main.class" value="true" />
    <property name="javac.fork" value="true" />
    <property name="java.awt.printerjob" value="sun.awt.windows.WPrinterJob" />
    <property name="default.javac.source" value="1.6" />
    <property name="debug-transport-by-os" value="dt_shmem" />
    <property name="libs.MySQLDriver.src" value="" />
    <property name="sun.jnu.encoding" value="Cp1252" />
    <property name="ant.file.type.studio" value="file" />
    <property name="java.runtime.version" value="1.6.0_22-b04" />
    <property name="build.test.results.dir" value="build/test/results" />
    <property name="libs.ejb3-persistence.javadoc" value="" />
    <property name="manifest.available+main.class+mkdist.available" value="true" />
    <property name="source.reference.jarchivelib-0.3.0.jar" value="lib/jarchivelib/jarchivelib-0.3.0-sources.jar" />
    <property name="default.javac.target" value="1.6" />
    <property name="libs.junit_4.classpath" value="D:\java\junit\junit-4.10.jar" />
    <property name="user.timezone" value="" />
    <property name="application.homepage" value="http://triplecheck.de" />
    <property name="do.jar" value="true" />
    <property name="netbeans.dirs" value="C:\Program Files\NetBeans 7.1.2\nb;C:\Program Files\NetBeans 7.1.2\ergonomics;C:\Program Files\NetBeans 7.1.2\ide;C:\Program Files\NetBeans 7.1.2\java;C:\Program Files\NetBeans 7.1.2\apisupport;C:\Program Files\NetBeans 7.1.2\webcommon;C:\Program Files\NetBeans 7.1.2\websvccommon;C:\Program Files\NetBeans 7.1.2\enterprise;C:\Program Files\NetBeans 7.1.2\mobility;C:\Program Files\NetBeans 7.1.2\profiler;C:\Program Files\NetBeans 7.1.2\python;C:\Program Files\NetBeans 7.1.2\php;C:\Program Files\NetBeans 7.1.2\identity;C:\Program Files\NetBeans 7.1.2\harness;C:\Program Files\NetBeans 7.1.2\cnd;C:\Program Files\NetBeans 7.1.2\dlight;C:\Program Files\NetBeans 7.1.2\groovy;C:\Program Files\NetBeans 7.1.2\extra;C:\Program Files\NetBeans 7.1.2\javacard;C:\Program Files\NetBeans 7.1.2\javafx" />
    <property name="java.ext.dirs" value="D:\java\jdk6\jre\lib\ext;C:\Windows\Sun\Java\lib\ext" />
    <property name="endorsed.classpath" value="" />
    <property name="libs.absolutelayout.classpath" value="C:\Program Files\NetBeans 7.1.2\java\modules\ext\AbsoluteLayout.jar" />
    <property name="excludes" value="" />
    <property name="java.class.path" value="D:\triplechecksoftware\reporter\lib\bsh-2.1b5.jar;D:\triplechecksoftware\reporter\lib\jarchivelib\jarchivelib-0.3.0.jar;D:\triplechecksoftware\reporter\lib\jfreechart\jcommon-1.0.21.jar;D:\triplechecksoftware\reporter\lib\jericho-html-3.3.jar;D:\triplechecksoftware\reporter\lib\jfreechart\jfreechart-1.0.17.jar;D:\triplechecksoftware\reporter\lib\simple-4.1.21.jar;D:\triplechecksoftware\reporter\build\classes;D:\java\junit\junit-4.10.jar;D:\triplechecksoftware\reporter\build\test\classes;C:\Program Files (x86)\Novosoft\C2J\Bin\c2jruntime.zip;C:\Program Files\NetBeans 7.1.2\java\ant\lib\ant-launcher.jar;C:\Program Files\NetBeans 7.1.2\java\ant\lib\ant.jar;C:\Program Files\NetBeans 7.1.2\java\ant\lib\ant-junit.jar;C:\Program Files\NetBeans 7.1.2\java\ant\lib\ant-junit4.jar" />
    <property name="apple.laf.useScreenMenuBar" value="true" />
    <property name="do.mkdist" value="true" />
    <property name="libs.absolutelayout.src" value="" />
    <property name="os.version" value="6.1" />
    <property name="application.args" value="" />
    <property name="manifest.custom.permissions" value="" />
    <property name="main.class.available" value="true" />
    <property name="libs.toplink.javadoc" value="" />
    <property name="sun.desktop" value="windows" />
    <property name="auxiliary.org-netbeans-spi-editor-hints-projects.perProjectHintSettingsFile" value="nbproject/cfg_hints.xml" />
    <property name="libs.JAXB-ENDORSED.classpath" value="C:\Program Files\NetBeans 7.1.2\ide\modules\ext\jaxb\api\jaxb-api.jar" />
    <property name="libs.eclipselink.classpath" value="C:\Program Files\NetBeans 7.1.2\java\modules\ext\eclipselink\eclipselink-2.3.0.jar;C:\Program Files\NetBeans 7.1.2\java\modules\ext\eclipselink\javax.persistence-2.0.jar;C:\Program Files\NetBeans 7.1.2\java\modules\ext\eclipselink\org.eclipse.persistence.jpa.jpql_1.0.0.jar" />
    <property name="libs.beans-binding.javadoc" value="C:\Program Files\NetBeans 7.1.2\java\docs\beansbinding-1.2.1-doc.zip" />
    <property name="java.awt.graphicsenv" value="sun.awt.Win32GraphicsEnvironment" />
    <property name="file.reference.jarchivelib-0.3.0.jar" value="lib/jarchivelib/jarchivelib-0.3.0.jar" />
    <property name="java.vm.vendor" value="Sun Microsystems Inc." />
    <property name="libs.CopyLibs.classpath" value="C:\Program Files\NetBeans 7.1.2\java\ant\extra\org-netbeans-modules-java-j2seproject-copylibstask.jar" />
    <property name="libs.spring-framework300.classpath" value="C:\Program Files\NetBeans 7.1.2\ide\modules\org-apache-commons-logging.jar;C:\Program Files\NetBeans 7.1.2\java\modules\ext\cglib-2.2.jar;C:\Program Files\NetBeans 7.1.2\java\modules\ext\spring-3.0\spring-aop-3.0.6.RELEASE.jar;C:\Program Files\NetBeans 7.1.2\java\modules\ext\spring-3.0\spring-asm-3.0.6.RELEASE.jar;C:\Program Files\NetBeans 7.1.2\java\modules\ext\spring-3.0\spring-aspects-3.0.6.RELEASE.jar;C:\Program Files\NetBeans 7.1.2\java\modules\ext\spring-3.0\spring-beans-3.0.6.RELEASE.jar;C:\Program Files\NetBeans 7.1.2\java\modules\ext\spring-3.0\spring-context-3.0.6.RELEASE.jar;C:\Program Files\NetBeans 7.1.2\java\modules\ext\spring-3.0\spring-context-support-3.0.6.RELEASE.jar;C:\Program Files\NetBeans 7.1.2\java\modules\ext\spring-3.0\spring-core-3.0.6.RELEASE.jar;C:\Program Files\NetBeans 7.1.2\java\modules\ext\spring-3.0\spring-expression-3.0.6.RELEASE.jar;C:\Program Files\NetBeans 7.1.2\java\modules\ext\spring-3.0\spring-instrument-3.0.6.RELEASE.jar;C:\Program Files\NetBeans 7.1.2\java\modules\ext\spring-3.0\spring-instrument-tomcat-3.0.6.RELEASE.jar;C:\Program Files\NetBeans 7.1.2\java\modules\ext\spring-3.0\spring-jdbc-3.0.6.RELEASE.jar;C:\Program Files\NetBeans 7.1.2\java\modules\ext\spring-3.0\spring-jms-3.0.6.RELEASE.jar;C:\Program Files\NetBeans 7.1.2\java\modules\ext\spring-3.0\spring-orm-3.0.6.RELEASE.jar;C:\Program Files\NetBeans 7.1.2\java\modules\ext\spring-3.0\spring-oxm-3.0.6.RELEASE.jar;C:\Program Files\NetBeans 7.1.2\java\modules\ext\spring-3.0\spring-test-3.0.6.RELEASE.jar;C:\Program Files\NetBeans 7.1.2\java\modules\ext\spring-3.0\spring-tx-3.0.6.RELEASE.jar;C:\Program Files\NetBeans 7.1.2\java\modules\ext\spring-3.0\spring-web-3.0.6.RELEASE.jar;C:\Program Files\NetBeans 7.1.2\java\modules\ext\spring-3.0\spring-webmvc-portlet-3.0.6.RELEASE.jar;C:\Program Files\NetBeans 7.1.2\java\modules\ext\spring-3.0\spring-webmvc-3.0.6.RELEASE.jar;C:\Program Files\NetBeans 7.1.2\java\modules\ext\spring-3.0\spring-struts-3.0.6.RELEASE.jar" />
    <property name="run.jvmargs" value="" />
    <property name="libs.ejb3-persistence.classpath" value="C:\Program Files\NetBeans 7.1.2\java\modules\ext\hibernate\ejb3-persistence.jar" />
    <property name="libs.JAXB-ENDORSED.src" value="" />
    <property name="libs.spring-framework.javadoc" value="" />
    <property name="libs.PostgreSQLDriver.classpath" value="C:\Program Files\NetBeans 7.1.2\ide\modules\ext\postgresql-8.3-603.jdbc3.jar" />
    <property name="jnlp.signing" value="" />
    <property name="libs.junit.src" value="" />
    <property name="annotation.processing.source.output" value="build/generated-sources/ap-source-output" />
    <property name="jnlp.signed" value="false" />
    <property name="main.class" value="main.start" />
    <property name="libs.CopyLibs.src" value="" />
    <property name="build.dir" value="build" />
    <property name="ant.version" value="Apache Ant(TM) version 1.8.3 compiled on February 26 2012" />
    <property name="file.encoding" value="Cp1252" />
    <property name="build.classes.excludes" value="**/*.java,**/*.form" />
    <property name="jdkBug6558476" value="true" />
    <property name="javadoc.nonavbar" value="false" />
    <property name="platform.active" value="default_platform" />
    <property name="awt.toolkit" value="sun.awt.windows.WToolkit" />
  </properties>
  <testcase classname="trigger.TestTriggerGPL2" name="findGPLv2" time="0.292" />
  <system-out><![CDATA[2014/04/06 13:20:39 [COMPLETED] Added trigger: Apache.java
2014/04/06 13:20:39 [COMPLETED] Added trigger: BSD3ClauseClear.java
2014/04/06 13:20:39 [COMPLETED] Added trigger: CopyrightAdblockPlus.java
2014/04/06 13:20:39 [COMPLETED] Added trigger: GPLv1.java
2014/04/06 13:20:39 [COMPLETED] Added trigger: GPLv2.java
2014/04/06 13:20:40 [COMPLETED] Added trigger: GPLv3.java
2014/04/06 13:20:40 [COMPLETED] Added trigger: LGPL.java
2014/04/06 13:20:40 [COMPLETED] Added trigger: MIT.java
2014/04/06 13:20:40 [COMPLETED] Added trigger: PublicDomain.java
2014/04/06 13:20:40 [COMPLETED] Added trigger: SPLv1.java
]]></system-out>
  <system-err><![CDATA[]]></system-err>
</testsuite>
